===============================================================
Job iniciado em: seg dez  1 11:51:21 -03 2025
Nó: r2n14.npad.internal
===============================================================
Iniciando Experimento Científico Completo (Core)...
| --- CARREGANDO SEEDS EXISTENTES DE: seeds_config.json ---
| AVISO: O arquivo tem 1 seeds, mas o experimento pede 10.
| Usaremos as seeds do arquivo até onde der ou repetiremos se faltar.
| Seeds carregadas: [893]


==================================================
| INICIANDO RODADA PARA N_MFCC = 5
==================================================


|  * * * * * * * * * * * * * * * * * *


| Dados carregados - data/processed/data_mfcc_5.json


|  * * * * * * * * * * * * * * * * * *



| ---> Execução 1/10 (Seed: 893)
Execucao do .py finalizada.
===============================================================
Job finalizado em: seg dez  1 11:51:54 -03 2025
===============================================================
